{"error":{},"level":"error","message":"Falha ao obter o post com o slug: ","slug":"dicas-de-acessibilidade-websss"}
{"error":{},"level":"error","message":"Falha ao obter o post com o slug: ","slug":"dicas-de-acessibilidade-websss"}
{"error":{},"level":"error","message":"Falha ao obter o post com o slug: ","slug":"dicas-de-acessibilidade-webs"}
{"error":{},"level":"error","message":"Falha ao obter o post com o slug: ","slug":"dicas-de-acessibilidade-webs"}
<<<<<<< HEAD
{"error":{"clientVersion":"5.9.1","code":"P2021","meta":{"modelName":"Post","table":"public.Post"},"name":"PrismaClientKnownRequestError"},"level":"error","message":"Falha ao obter posts"}
{"error":{"clientVersion":"5.9.1","code":"P2021","meta":{"modelName":"Post","table":"public.Post"},"name":"PrismaClientKnownRequestError"},"level":"error","message":"Falha ao obter posts"}
{"error":{"clientVersion":"5.9.1","code":"P2021","meta":{"modelName":"Post","table":"public.Post"},"name":"PrismaClientKnownRequestError"},"level":"error","message":"Falha ao obter posts"}
{"error":{"clientVersion":"5.9.1","code":"P2021","meta":{"modelName":"Post","table":"public.Post"},"name":"PrismaClientKnownRequestError"},"level":"error","message":"Falha ao obter posts"}
{"error":{"clientVersion":"5.9.1","code":"P2021","meta":{"modelName":"Post","table":"public.Post"},"name":"PrismaClientKnownRequestError"},"level":"error","message":"Falha ao obter posts"}
{"error":{"clientVersion":"5.9.1","code":"P2021","meta":{"modelName":"Post","table":"public.Post"},"name":"PrismaClientKnownRequestError"},"level":"error","message":"Falha ao obter posts"}
{"error":{"clientVersion":"5.9.1","code":"P2021","meta":{"modelName":"Post","table":"public.Post"},"name":"PrismaClientKnownRequestError"},"level":"error","message":"Falha ao obter posts"}
=======
{"error":{"clientVersion":"5.9.1","name":"PrismaClientInitializationError"},"level":"error","message":"Falha ao obter posts"}
{"error":{"clientVersion":"5.9.1","name":"PrismaClientInitializationError"},"level":"error","message":"Falha ao obter posts"}
{"error":{"clientVersion":"5.9.1","name":"PrismaClientInitializationError"},"level":"error","message":"Falha ao obter posts"}
{"error":{"clientVersion":"5.9.1","name":"PrismaClientInitializationError"},"level":"error","message":"Falha ao obter posts"}
{"error":{"clientVersion":"5.9.1","name":"PrismaClientInitializationError"},"level":"error","message":"Falha ao obter posts"}
{"error":{"clientVersion":"5.9.1","name":"PrismaClientValidationError"},"level":"error","message":"Falha ao obter posts"}
{"error":{"clientVersion":"5.9.1","name":"PrismaClientInitializationError"},"level":"error","message":"Falha ao obter posts"}
{"error":{"clientVersion":"5.9.1","name":"PrismaClientInitializationError"},"level":"error","message":"Falha ao obter posts"}
{"error":{"clientVersion":"5.9.1","name":"PrismaClientInitializationError"},"level":"error","message":"Falha ao obter posts"}
{"error":{"clientVersion":"5.9.1","name":"PrismaClientInitializationError"},"level":"error","message":"Falha ao obter posts"}
{"error":{"clientVersion":"5.9.1","name":"PrismaClientUnknownRequestError"},"level":"error","message":"Falha ao obter posts"}
{"error":{"clientVersion":"5.9.1","name":"PrismaClientUnknownRequestError"},"level":"error","message":"Falha ao obter posts"}
{"error":{"clientVersion":"5.9.1","name":"PrismaClientUnknownRequestError"},"level":"error","message":"Falha ao obter posts"}
{"error":{"clientVersion":"5.9.1","name":"PrismaClientUnknownRequestError"},"level":"error","message":"Falha ao obter posts"}
{"error":{"clientVersion":"5.9.1","name":"PrismaClientUnknownRequestError"},"level":"error","message":"Falha ao obter o post com o slug: ","slug":"construindo-spa-com-vuejs"}
>>>>>>> 724bde625d94d613dbe00aed0d4a81726abf29dc
